<?xml version="1.0" encoding="UTF-8"?>
<!-- Generated by org.testng.reporters.JUnitReportReporter -->
<testsuite hostname="DESKTOP-HHEDQ4L" name="com.ttech.mobileTesting.ScrollDownClass" tests="1" failures="0" timestamp="26 Feb 2018 23:41:45 GMT" time="38.917" errors="0">
  <testcase name="PressRelese" time="38.917" classname="com.ttech.mobileTesting.ScrollDownClass"/>
</testsuite> <!-- com.ttech.mobileTesting.ScrollDownClass -->
