<?xml version="1.0" encoding="UTF-8"?>
<!-- Generated by org.testng.reporters.JUnitReportReporter -->
<testsuite hostname="DESKTOP-HHEDQ4L" name="com.ttech.mobileTesting.CapabilitiesXpath" tests="1" failures="0" timestamp="20 Mar 2018 00:59:59 GMT" time="37.383" errors="0">
  <testcase name="allXpath" time="37.383" classname="com.ttech.mobileTesting.CapabilitiesXpath"/>
</testsuite> <!-- com.ttech.mobileTesting.CapabilitiesXpath -->
