<?xml version="1.0" encoding="UTF-8"?>
<!-- Generated by org.testng.reporters.JUnitReportReporter -->
<testsuite hostname="DESKTOP-HHEDQ4L" name="com.usa.realdevice.BaseClass" tests="1" failures="0" timestamp="5 Mar 2018 01:19:34 GMT" time="35.763" errors="0">
  <testcase name="test1" time="35.763" classname="com.usa.realdevice.BaseClass"/>
</testsuite> <!-- com.usa.realdevice.BaseClass -->
