<?xml version="1.0" encoding="UTF-8"?>
<!-- Generated by org.testng.reporters.JUnitReportReporter -->
<testsuite hostname="DESKTOP-HHEDQ4L" name="com.ttech.mobileTesting.Annotations" tests="2" failures="0" timestamp="9 Mar 2018 23:16:31 GMT" time="0.015" errors="0">
  <testcase name="OpeningBrowser" time="0.000" classname="com.ttech.mobileTesting.Annotations"/>
  <testcase name="FlightBooking" time="0.015" classname="com.ttech.mobileTesting.Annotations"/>
</testsuite> <!-- com.ttech.mobileTesting.Annotations -->
