<?xml version="1.0" encoding="UTF-8"?>
<!-- Generated by org.testng.reporters.JUnitReportReporter -->
<testsuite hostname="DESKTOP-HHEDQ4L" name="com.ttech.mobileTesting.DrugAndDrupClass" tests="1" failures="0" timestamp="27 Feb 2018 16:37:28 GMT" time="22.960" errors="0">
  <testcase name="PressRelese" time="22.960" classname="com.ttech.mobileTesting.DrugAndDrupClass"/>
</testsuite> <!-- com.ttech.mobileTesting.DrugAndDrupClass -->
